Removed Pin From Net: NetName=MODEM_ANT_LTE Pin=J3-3
Added Component: Designator=C17(CAPC0603X03L)
Add component (AddParameter): Name = "Manufacturer 1"; Value = ""; VariantName = "[No Variations]"
Add component (AddParameter): Name = "Manufacturer Part Number 1"; Value = ""; VariantName = "[No Variations]"
Add component (AddParameter): Name = "Package"; Value = "0201"; VariantName = "[No Variations]"
Add component (AddParameter): Name = "Value"; Value = "NM"; VariantName = "[No Variations]"
Added Component: Designator=C18(CAPC0603X03L)
Add component (AddParameter): Name = "Manufacturer 1"; Value = ""; VariantName = "[No Variations]"
Add component (AddParameter): Name = "Manufacturer Part Number 1"; Value = ""; VariantName = "[No Variations]"
Add component (AddParameter): Name = "Package"; Value = "0201"; VariantName = "[No Variations]"
Add component (AddParameter): Name = "Value"; Value = "NM"; VariantName = "[No Variations]"
Added Component: Designator=R22(RESC0603X03L)
Add component (AddParameter): Name = "Manufacturer 1"; Value = ""; VariantName = "[No Variations]"
Add component (AddParameter): Name = "Manufacturer Part Number 1"; Value = ""; VariantName = "[No Variations]"
Add component (AddParameter): Name = "Package"; Value = "0201"; VariantName = "[No Variations]"
Add component (AddParameter): Name = "Value"; Value = "0R"; VariantName = "[No Variations]"
Added Pin To Net: NetName=GND Pin=C17-1
Added Pin To Net: NetName=MODEM_ANT_LTE Pin=C17-2
Added Pin To Net: NetName=GND Pin=C18-1
Added Pin To Net: NetName=MODEM_ANT_LTE Pin=R22-2
Added Pin To Net: NetName=NetC18_2 Pin=C18-2
Added Pin To Net: NetName=NetC18_2 Pin=J3-3
Added Pin To Net: NetName=NetC18_2 Pin=R22-1
Added Net: Name=NetC18_2
Change Class Name : Old Net Name=J3_Nets New Net Name=C17_Nets
Added Class: Name=C18_Nets
Added Class: Name=J3_Nets
Added Class: Name=R22_Nets
Added Member To Class: ClassName=MODEM_PT1 Member=Component C17 ERP_102-1
Added Member To Class: ClassName=MODEM_PT1 Member=Component C18 ERP_102-1
Added Member To Class: ClassName=MODEM_PT1 Member=Component R22 ERP_101-1
Added Member To Class: ClassName=ANT_50R Member=Wire NetC18_2
