Removed Pin From Net: NetName=MODEM_UART0_TX Pin=U4-5
Removed Pin From Net: NetName=MODEM_NRDY_STAT Pin=U4-7
Removed Pin From Net: NetName=LTE_RX Pin=U4-16
Removed Member From Class: ClassName=U4_Nets Member=NetU4_6
Removed Member From Class: ClassName=U4_Nets Member=NetU4_8
Removed Member From Class: ClassName=U4_Nets Member=NetU4_13
Removed Member From Class: ClassName=U4_Nets Member=NetU4_15
Added Pin To Net: NetName=MODEM_UART0_TX Pin=U4-6
Added Pin To Net: NetName=MODEM_NRDY_STAT Pin=U4-8
Added Pin To Net: NetName=LTE_RX Pin=U4-15
Change Net Name : Old Net Name=MODEM_NRDY_STAT_3V3 New Net Name=NetU4_14
Change Net Name : Old Net Name=NetU4_13 New Net Name=MODEM_NRDY_STAT_3V3
Added Pin To Net: NetName=NetU4_5 Pin=U4-5
Added Net: Name=NetU4_5
Added Pin To Net: NetName=NetU4_7 Pin=U4-7
Added Net: Name=NetU4_7
Added Pin To Net: NetName=NetU4_16 Pin=U4-16
Added Net: Name=NetU4_16
Added Member To Class: ClassName=U4_Nets Member=Wire NetU4_5
Added Member To Class: ClassName=U4_Nets Member=Wire NetU4_7
Added Member To Class: ClassName=U4_Nets Member=Wire NetU4_14
Added Member To Class: ClassName=U4_Nets Member=Wire NetU4_16
