Removed Pin From Net: NetName=MODEM_ANT_LTE Pin=J3-3
Added Component: Designator=C23(CAPC0603X03L)
Add component (AddParameter): Name = "Manufacturer 1"; Value = ""; VariantName = "[No Variations]"
Add component (AddParameter): Name = "Manufacturer Part Number 1"; Value = ""; VariantName = "[No Variations]"
Add component (AddParameter): Name = "Package"; Value = "0201"; VariantName = "[No Variations]"
Add component (AddParameter): Name = "Value"; Value = "NM"; VariantName = "[No Variations]"
Added Component: Designator=C24(CAPC0603X03L)
Add component (AddParameter): Name = "Manufacturer 1"; Value = ""; VariantName = "[No Variations]"
Add component (AddParameter): Name = "Manufacturer Part Number 1"; Value = ""; VariantName = "[No Variations]"
Add component (AddParameter): Name = "Package"; Value = "0201"; VariantName = "[No Variations]"
Add component (AddParameter): Name = "Value"; Value = "NM"; VariantName = "[No Variations]"
Added Component: Designator=R42(RESC0603X03L)
Add component (AddParameter): Name = "Manufacturer 1"; Value = ""; VariantName = "[No Variations]"
Add component (AddParameter): Name = "Manufacturer Part Number 1"; Value = ""; VariantName = "[No Variations]"
Add component (AddParameter): Name = "Package"; Value = "0201"; VariantName = "[No Variations]"
Add component (AddParameter): Name = "Value"; Value = "0R"; VariantName = "[No Variations]"
Added Pin To Net: NetName=GND Pin=C23-1
Added Pin To Net: NetName=MODEM_ANT_LTE Pin=C23-2
Added Pin To Net: NetName=GND Pin=C24-1
Added Pin To Net: NetName=MODEM_ANT_LTE Pin=R42-2
Added Pin To Net: NetName=NetC24_2 Pin=C24-2
Added Pin To Net: NetName=NetC24_2 Pin=J3-3
Added Pin To Net: NetName=NetC24_2 Pin=R42-1
Added Net: Name=NetC24_2
Change Class Name : Old Net Name=J3_Nets New Net Name=C23_Nets
Added Class: Name=C24_Nets
Added Class: Name=J3_Nets
Added Class: Name=R42_Nets
Added Member To Class: ClassName=MODEM_PT1 Member=Component C23 ERP_102-1
Added Member To Class: ClassName=MODEM_PT1 Member=Component C24 ERP_102-1
Added Member To Class: ClassName=MODEM_PT1 Member=Component R42 ERP_101-1
Added Member To Class: ClassName=ANT_50R Member=Wire NetC24_2
